{"contracts/FoundersNFT.sol":{"l":{"83":234,"84":234,"86":234,"87":234,"88":234,"89":234,"90":234,"92":234,"96":43,"97":6,"101":37,"108":6,"112":296,"133":23,"134":5,"136":18,"137":6,"138":1,"144":11,"145":1,"151":1,"155":15,"159":1,"167":11,"168":11,"169":1,"173":10,"174":1,"176":9,"184":7,"185":7,"186":1,"190":6,"191":1,"193":5,"202":6,"203":6,"204":2,"207":4,"208":4,"211":0,"213":3,"222":7,"223":7,"224":2,"227":5,"228":5,"230":0,"233":4,"237":7,"238":2,"241":5,"245":4,"247":4,"248":1,"253":5,"255":5,"256":1,"261":19,"262":19,"263":3,"266":16,"267":2,"268":2,"269":2,"272":16,"276":2,"286":2,"296":3,"297":1,"300":2,"309":2,"310":2,"314":2,"321":10,"322":1,"324":9,"325":3,"327":6,"335":2,"342":2,"343":2,"344":6,"352":1,"359":1,"366":1,"373":2,"374":1,"376":1,"383":1,"390":1,"397":1,"401":1},"path":"/Users/rikvanderwerf/Personal/naffles/naffles-smart-contracts/contracts/FoundersNFT.sol","s":{"1":234,"2":234,"3":234,"4":234,"5":234,"6":234,"7":234,"8":234,"9":43,"10":6,"11":296,"12":23,"13":18,"14":6,"15":12,"16":11,"17":15,"18":11,"19":11,"20":10,"21":9,"22":7,"23":7,"24":6,"25":5,"26":6,"27":6,"28":4,"29":4,"30":3,"31":7,"32":7,"33":5,"34":5,"35":4,"36":7,"37":5,"38":4,"39":4,"40":5,"41":5,"42":19,"43":19,"44":16,"45":2,"46":2,"47":2,"48":16,"49":2,"50":2,"51":3,"52":2,"53":2,"54":2,"55":2,"56":10,"57":9,"58":3,"59":6,"60":2,"61":2,"62":2,"63":6,"64":1,"65":1,"66":1,"67":2,"68":1,"69":1,"70":1,"71":1,"72":1},"b":{"1":[6,37],"2":[5,18],"3":[6,12],"4":[1,5],"5":[11,1],"6":[1,10],"7":[1,10],"8":[1,9],"9":[1,6],"10":[1,5],"11":[2,4],"12":[4,0],"13":[2,5],"14":[5,0],"15":[2,5],"16":[1,3],"17":[1,4],"18":[3,16],"19":[2,14],"20":[0,2],"21":[1,2],"22":[0,2],"23":[1,9],"24":[3,6],"25":[1,1]},"f":{"1":234,"2":43,"3":6,"4":296,"5":23,"6":1,"7":11,"8":7,"9":6,"10":7,"11":7,"12":4,"13":5,"14":19,"15":2,"16":2,"17":3,"18":2,"19":2,"20":10,"21":2,"22":2,"23":1,"24":1,"25":1,"26":2,"27":1,"28":1,"29":1,"30":1},"fnMap":{"1":{"name":"constructor","line":82,"loc":{"start":{"line":74,"column":4},"end":{"line":93,"column":4}}},"2":{"name":"validateMint","line":95,"loc":{"start":{"line":95,"column":4},"end":{"line":102,"column":4}}},"3":{"name":"adminMint","line":107,"loc":{"start":{"line":104,"column":4},"end":{"line":109,"column":4}}},"4":{"name":"_startTokenId","line":111,"loc":{"start":{"line":111,"column":4},"end":{"line":113,"column":4}}},"5":{"name":"createAllowlist","line":132,"loc":{"start":{"line":125,"column":4},"end":{"line":156,"column":4}}},"6":{"name":"removeAllowlist","line":158,"loc":{"start":{"line":158,"column":4},"end":{"line":160,"column":4}}},"7":{"name":"omnipotentMint","line":166,"loc":{"start":{"line":166,"column":4},"end":{"line":177,"column":4}}},"8":{"name":"foundersMint","line":183,"loc":{"start":{"line":183,"column":4},"end":{"line":194,"column":4}}},"9":{"name":"omnipotentAllowlistMint","line":201,"loc":{"start":{"line":201,"column":4},"end":{"line":214,"column":4}}},"10":{"name":"foundersAllowlistMint","line":221,"loc":{"start":{"line":221,"column":4},"end":{"line":234,"column":4}}},"11":{"name":"_allowlistCheckAndMint","line":236,"loc":{"start":{"line":236,"column":4},"end":{"line":242,"column":4}}},"12":{"name":"_omnipotentAllowlistMintCheck","line":244,"loc":{"start":{"line":244,"column":4},"end":{"line":250,"column":4}}},"13":{"name":"_foundersAllowlistMintCheck","line":252,"loc":{"start":{"line":252,"column":4},"end":{"line":258,"column":4}}},"14":{"name":"_internalMint","line":260,"loc":{"start":{"line":260,"column":4},"end":{"line":273,"column":4}}},"15":{"name":"exists","line":275,"loc":{"start":{"line":275,"column":4},"end":{"line":277,"column":4}}},"16":{"name":"supportsInterface","line":279,"loc":{"start":{"line":279,"column":4},"end":{"line":288,"column":4}}},"17":{"name":"tokenURI","line":290,"loc":{"start":{"line":290,"column":4},"end":{"line":306,"column":4}}},"18":{"name":"withdraw","line":308,"loc":{"start":{"line":308,"column":4},"end":{"line":311,"column":4}}},"19":{"name":"_baseURI","line":313,"loc":{"start":{"line":313,"column":4},"end":{"line":315,"column":4}}},"20":{"name":"tokenType","line":320,"loc":{"start":{"line":320,"column":4},"end":{"line":329,"column":4}}},"21":{"name":"setBaseURI","line":333,"loc":{"start":{"line":331,"column":4},"end":{"line":336,"column":4}}},"22":{"name":"setTokenTypeMappingForFoundersPasses","line":341,"loc":{"start":{"line":341,"column":4},"end":{"line":346,"column":4}}},"23":{"name":"setBaseExtension","line":350,"loc":{"start":{"line":348,"column":4},"end":{"line":353,"column":4}}},"24":{"name":"setMaxFoundersMintsPerWallet","line":357,"loc":{"start":{"line":355,"column":4},"end":{"line":360,"column":4}}},"25":{"name":"setMaxOmnipotentMintsPerWallet","line":364,"loc":{"start":{"line":362,"column":4},"end":{"line":367,"column":4}}},"26":{"name":"setMaxTotalSupply","line":371,"loc":{"start":{"line":369,"column":4},"end":{"line":377,"column":4}}},"27":{"name":"setMintPrice","line":381,"loc":{"start":{"line":379,"column":4},"end":{"line":384,"column":4}}},"28":{"name":"setOmnipotentPublicMintStartTime","line":388,"loc":{"start":{"line":386,"column":4},"end":{"line":391,"column":4}}},"29":{"name":"setFoundersPublicMintStartTime","line":395,"loc":{"start":{"line":393,"column":4},"end":{"line":398,"column":4}}},"30":{"name":"getNumberMinted","line":400,"loc":{"start":{"line":400,"column":4},"end":{"line":402,"column":4}}}},"statementMap":{"1":{"start":{"line":83,"column":8},"end":{"line":83,"column":49}},"2":{"start":{"line":84,"column":8},"end":{"line":84,"column":44}},"3":{"start":{"line":86,"column":8},"end":{"line":86,"column":49}},"4":{"start":{"line":87,"column":8},"end":{"line":87,"column":39}},"5":{"start":{"line":88,"column":8},"end":{"line":88,"column":29}},"6":{"start":{"line":89,"column":8},"end":{"line":89,"column":69}},"7":{"start":{"line":90,"column":8},"end":{"line":90,"column":65}},"8":{"start":{"line":92,"column":8},"end":{"line":92,"column":61}},"9":{"start":{"line":96,"column":8},"end":{"line":96,"column":3506}},"10":{"start":{"line":108,"column":8},"end":{"line":108,"column":34}},"11":{"start":{"line":112,"column":8},"end":{"line":112,"column":16}},"12":{"start":{"line":133,"column":8},"end":{"line":133,"column":4783}},"13":{"start":{"line":136,"column":8},"end":{"line":136,"column":4874}},"14":{"start":{"line":137,"column":12},"end":{"line":137,"column":4927}},"15":{"start":{"line":143,"column":13},"end":{"line":143,"column":5130}},"16":{"start":{"line":144,"column":12},"end":{"line":144,"column":5181}},"17":{"start":{"line":155,"column":8},"end":{"line":155,"column":96}},"18":{"start":{"line":167,"column":8},"end":{"line":167,"column":68}},"19":{"start":{"line":168,"column":8},"end":{"line":168,"column":6060}},"20":{"start":{"line":173,"column":8},"end":{"line":173,"column":6285}},"21":{"start":{"line":176,"column":8},"end":{"line":176,"column":33}},"22":{"start":{"line":184,"column":8},"end":{"line":184,"column":66}},"23":{"start":{"line":185,"column":8},"end":{"line":185,"column":6759}},"24":{"start":{"line":190,"column":8},"end":{"line":190,"column":6978}},"25":{"start":{"line":193,"column":8},"end":{"line":193,"column":33}},"26":{"start":{"line":202,"column":8},"end":{"line":202,"column":68}},"27":{"start":{"line":203,"column":8},"end":{"line":203,"column":7560}},"28":{"start":{"line":207,"column":8},"end":{"line":207,"column":7701}},"29":{"start":{"line":208,"column":12},"end":{"line":208,"column":74}},"30":{"start":{"line":213,"column":8},"end":{"line":213,"column":66}},"31":{"start":{"line":222,"column":8},"end":{"line":222,"column":68}},"32":{"start":{"line":223,"column":8},"end":{"line":223,"column":8515}},"33":{"start":{"line":227,"column":8},"end":{"line":227,"column":8656}},"34":{"start":{"line":228,"column":12},"end":{"line":228,"column":72}},"35":{"start":{"line":233,"column":8},"end":{"line":233,"column":66}},"36":{"start":{"line":237,"column":8},"end":{"line":237,"column":9075}},"37":{"start":{"line":241,"column":8},"end":{"line":241,"column":33}},"38":{"start":{"line":245,"column":8},"end":{"line":245,"column":68}},"39":{"start":{"line":247,"column":8},"end":{"line":247,"column":9426}},"40":{"start":{"line":253,"column":8},"end":{"line":253,"column":66}},"41":{"start":{"line":255,"column":8},"end":{"line":255,"column":9759}},"42":{"start":{"line":261,"column":8},"end":{"line":261,"column":52}},"43":{"start":{"line":262,"column":8},"end":{"line":262,"column":10042}},"44":{"start":{"line":266,"column":8},"end":{"line":266,"column":10152}},"45":{"start":{"line":267,"column":12},"end":{"line":267,"column":50}},"46":{"start":{"line":268,"column":12},"end":{"line":268,"column":68}},"47":{"start":{"line":269,"column":12},"end":{"line":269,"column":78}},"48":{"start":{"line":272,"column":8},"end":{"line":272,"column":37}},"49":{"start":{"line":276,"column":8},"end":{"line":276,"column":31}},"50":{"start":{"line":286,"column":8},"end":{"line":286,"column":10773}},"51":{"start":{"line":296,"column":8},"end":{"line":296,"column":10971}},"52":{"start":{"line":300,"column":8},"end":{"line":300,"column":11078}},"53":{"start":{"line":309,"column":8},"end":{"line":309,"column":76}},"54":{"start":{"line":310,"column":8},"end":{"line":310,"column":81}},"55":{"start":{"line":314,"column":8},"end":{"line":314,"column":22}},"56":{"start":{"line":321,"column":8},"end":{"line":321,"column":11838}},"57":{"start":{"line":324,"column":8},"end":{"line":324,"column":11942}},"58":{"start":{"line":325,"column":12},"end":{"line":325,"column":43}},"59":{"start":{"line":327,"column":12},"end":{"line":327,"column":45}},"60":{"start":{"line":335,"column":8},"end":{"line":335,"column":28}},"61":{"start":{"line":342,"column":8},"end":{"line":342,"column":53}},"62":{"start":{"line":343,"column":8},"end":{"line":343,"column":12622}},"63":{"start":{"line":344,"column":12},"end":{"line":344,"column":61}},"64":{"start":{"line":352,"column":8},"end":{"line":352,"column":37}},"65":{"start":{"line":359,"column":8},"end":{"line":359,"column":61}},"66":{"start":{"line":366,"column":8},"end":{"line":366,"column":65}},"67":{"start":{"line":373,"column":8},"end":{"line":373,"column":13466}},"68":{"start":{"line":376,"column":8},"end":{"line":376,"column":39}},"69":{"start":{"line":383,"column":8},"end":{"line":383,"column":29}},"70":{"start":{"line":390,"column":8},"end":{"line":390,"column":69}},"71":{"start":{"line":397,"column":8},"end":{"line":397,"column":65}},"72":{"start":{"line":401,"column":8},"end":{"line":401,"column":38}}},"branchMap":{"1":{"line":96,"type":"if","locations":[{"start":{"line":96,"column":8},"end":{"line":96,"column":8}},{"start":{"line":96,"column":8},"end":{"line":96,"column":8}}]},"2":{"line":133,"type":"if","locations":[{"start":{"line":133,"column":8},"end":{"line":133,"column":8}},{"start":{"line":133,"column":8},"end":{"line":133,"column":8}}]},"3":{"line":136,"type":"if","locations":[{"start":{"line":136,"column":8},"end":{"line":136,"column":8}},{"start":{"line":136,"column":8},"end":{"line":136,"column":8}}]},"4":{"line":137,"type":"if","locations":[{"start":{"line":137,"column":12},"end":{"line":137,"column":12}},{"start":{"line":137,"column":12},"end":{"line":137,"column":12}}]},"5":{"line":143,"type":"if","locations":[{"start":{"line":143,"column":13},"end":{"line":143,"column":13}},{"start":{"line":143,"column":13},"end":{"line":143,"column":13}}]},"6":{"line":144,"type":"if","locations":[{"start":{"line":144,"column":12},"end":{"line":144,"column":12}},{"start":{"line":144,"column":12},"end":{"line":144,"column":12}}]},"7":{"line":168,"type":"if","locations":[{"start":{"line":168,"column":8},"end":{"line":168,"column":8}},{"start":{"line":168,"column":8},"end":{"line":168,"column":8}}]},"8":{"line":173,"type":"if","locations":[{"start":{"line":173,"column":8},"end":{"line":173,"column":8}},{"start":{"line":173,"column":8},"end":{"line":173,"column":8}}]},"9":{"line":185,"type":"if","locations":[{"start":{"line":185,"column":8},"end":{"line":185,"column":8}},{"start":{"line":185,"column":8},"end":{"line":185,"column":8}}]},"10":{"line":190,"type":"if","locations":[{"start":{"line":190,"column":8},"end":{"line":190,"column":8}},{"start":{"line":190,"column":8},"end":{"line":190,"column":8}}]},"11":{"line":203,"type":"if","locations":[{"start":{"line":203,"column":8},"end":{"line":203,"column":8}},{"start":{"line":203,"column":8},"end":{"line":203,"column":8}}]},"12":{"line":207,"type":"if","locations":[{"start":{"line":207,"column":8},"end":{"line":207,"column":8}},{"start":{"line":207,"column":8},"end":{"line":207,"column":8}}]},"13":{"line":223,"type":"if","locations":[{"start":{"line":223,"column":8},"end":{"line":223,"column":8}},{"start":{"line":223,"column":8},"end":{"line":223,"column":8}}]},"14":{"line":227,"type":"if","locations":[{"start":{"line":227,"column":8},"end":{"line":227,"column":8}},{"start":{"line":227,"column":8},"end":{"line":227,"column":8}}]},"15":{"line":237,"type":"if","locations":[{"start":{"line":237,"column":8},"end":{"line":237,"column":8}},{"start":{"line":237,"column":8},"end":{"line":237,"column":8}}]},"16":{"line":247,"type":"if","locations":[{"start":{"line":247,"column":8},"end":{"line":247,"column":8}},{"start":{"line":247,"column":8},"end":{"line":247,"column":8}}]},"17":{"line":255,"type":"if","locations":[{"start":{"line":255,"column":8},"end":{"line":255,"column":8}},{"start":{"line":255,"column":8},"end":{"line":255,"column":8}}]},"18":{"line":262,"type":"if","locations":[{"start":{"line":262,"column":8},"end":{"line":262,"column":8}},{"start":{"line":262,"column":8},"end":{"line":262,"column":8}}]},"19":{"line":266,"type":"if","locations":[{"start":{"line":266,"column":8},"end":{"line":266,"column":8}},{"start":{"line":266,"column":8},"end":{"line":266,"column":8}}]},"20":{"line":269,"type":"if","locations":[{"start":{"line":269,"column":12},"end":{"line":269,"column":12}},{"start":{"line":269,"column":12},"end":{"line":269,"column":12}}]},"21":{"line":296,"type":"if","locations":[{"start":{"line":296,"column":8},"end":{"line":296,"column":8}},{"start":{"line":296,"column":8},"end":{"line":296,"column":8}}]},"22":{"line":310,"type":"if","locations":[{"start":{"line":310,"column":8},"end":{"line":310,"column":8}},{"start":{"line":310,"column":8},"end":{"line":310,"column":8}}]},"23":{"line":321,"type":"if","locations":[{"start":{"line":321,"column":8},"end":{"line":321,"column":8}},{"start":{"line":321,"column":8},"end":{"line":321,"column":8}}]},"24":{"line":324,"type":"if","locations":[{"start":{"line":324,"column":8},"end":{"line":324,"column":8}},{"start":{"line":324,"column":8},"end":{"line":324,"column":8}}]},"25":{"line":373,"type":"if","locations":[{"start":{"line":373,"column":8},"end":{"line":373,"column":8}},{"start":{"line":373,"column":8},"end":{"line":373,"column":8}}]}}}}