{"contracts/OmnipotentNFT.sol":{"l":{"66":48,"67":48,"69":48,"70":48,"71":48,"72":48,"73":48,"75":48,"79":9,"80":1,"84":8,"85":1,"89":7,"93":58,"102":10,"103":1,"105":9,"106":4,"108":5,"112":1,"116":3,"117":1,"119":2,"123":4,"124":4,"125":4,"128":0,"131":2,"135":4,"136":1,"138":3,"139":1,"141":2,"145":4,"146":0,"149":4,"150":0,"151":0,"152":0,"155":4,"159":0,"169":0,"179":0,"180":0,"183":0,"192":0,"193":0,"194":0,"199":0,"206":0},"path":"/Users/rikvanderwerf/Personal/naffles/naffles-smart-contracts/contracts/OmnipotentNFT.sol","s":{"1":48,"2":48,"3":48,"4":48,"5":48,"6":48,"7":48,"8":48,"9":9,"10":8,"11":58,"12":10,"13":9,"14":5,"15":3,"16":2,"17":4,"18":4,"19":4,"20":0,"21":2,"22":4,"23":3,"24":2,"25":4,"26":4,"27":0,"28":0,"29":0,"30":4,"31":0,"32":0,"33":0,"34":0,"35":0,"36":0,"37":0,"38":0},"b":{"1":[1,8],"2":[1,7],"3":[1,9],"4":[4,5],"5":[1,2],"6":[4,0],"7":[0,0],"8":[1,3],"9":[1,2],"10":[0,4],"11":[0,4],"12":[0,0],"13":[0,0],"14":[0,0]},"f":{"1":48,"2":9,"3":58,"4":10,"5":1,"6":3,"7":4,"8":4,"9":4,"10":0,"11":0,"12":0,"13":0,"14":0,"15":0},"fnMap":{"1":{"name":"constructor","line":65,"loc":{"start":{"line":58,"column":4},"end":{"line":76,"column":4}}},"2":{"name":"validateMint","line":78,"loc":{"start":{"line":78,"column":4},"end":{"line":90,"column":4}}},"3":{"name":"_startTokenId","line":92,"loc":{"start":{"line":92,"column":4},"end":{"line":94,"column":4}}},"4":{"name":"createWhitelist","line":100,"loc":{"start":{"line":96,"column":4},"end":{"line":109,"column":4}}},"5":{"name":"removeWhitelist","line":111,"loc":{"start":{"line":111,"column":4},"end":{"line":113,"column":4}}},"6":{"name":"mint","line":115,"loc":{"start":{"line":115,"column":4},"end":{"line":120,"column":4}}},"7":{"name":"whitelistMint","line":122,"loc":{"start":{"line":122,"column":4},"end":{"line":132,"column":4}}},"8":{"name":"_whitelistMint","line":134,"loc":{"start":{"line":134,"column":4},"end":{"line":142,"column":4}}},"9":{"name":"_internalMint","line":144,"loc":{"start":{"line":144,"column":4},"end":{"line":156,"column":4}}},"10":{"name":"exists","line":158,"loc":{"start":{"line":158,"column":4},"end":{"line":160,"column":4}}},"11":{"name":"supportsInterface","line":162,"loc":{"start":{"line":162,"column":4},"end":{"line":171,"column":4}}},"12":{"name":"tokenURI","line":173,"loc":{"start":{"line":173,"column":4},"end":{"line":189,"column":4}}},"13":{"name":"withdraw","line":191,"loc":{"start":{"line":191,"column":4},"end":{"line":196,"column":4}}},"14":{"name":"_baseURI","line":198,"loc":{"start":{"line":198,"column":4},"end":{"line":200,"column":4}}},"15":{"name":"setBaseURI","line":204,"loc":{"start":{"line":202,"column":4},"end":{"line":207,"column":4}}}},"statementMap":{"1":{"start":{"line":66,"column":8},"end":{"line":66,"column":49}},"2":{"start":{"line":67,"column":8},"end":{"line":67,"column":44}},"3":{"start":{"line":69,"column":8},"end":{"line":69,"column":29}},"4":{"start":{"line":70,"column":8},"end":{"line":70,"column":39}},"5":{"start":{"line":71,"column":8},"end":{"line":71,"column":49}},"6":{"start":{"line":72,"column":8},"end":{"line":72,"column":29}},"7":{"start":{"line":73,"column":8},"end":{"line":73,"column":35}},"8":{"start":{"line":75,"column":8},"end":{"line":75,"column":51}},"9":{"start":{"line":79,"column":8},"end":{"line":79,"column":2506}},"10":{"start":{"line":84,"column":8},"end":{"line":84,"column":2661}},"11":{"start":{"line":93,"column":8},"end":{"line":93,"column":16}},"12":{"start":{"line":102,"column":8},"end":{"line":102,"column":3136}},"13":{"start":{"line":105,"column":8},"end":{"line":105,"column":3292}},"14":{"start":{"line":108,"column":8},"end":{"line":108,"column":73}},"15":{"start":{"line":116,"column":8},"end":{"line":116,"column":3718}},"16":{"start":{"line":119,"column":8},"end":{"line":119,"column":22}},"17":{"start":{"line":123,"column":8},"end":{"line":123,"column":68}},"18":{"start":{"line":124,"column":8},"end":{"line":124,"column":4022}},"19":{"start":{"line":125,"column":12},"end":{"line":125,"column":49}},"20":{"start":{"line":127,"column":13},"end":{"line":127,"column":4183}},"21":{"start":{"line":131,"column":8},"end":{"line":131,"column":22}},"22":{"start":{"line":135,"column":8},"end":{"line":135,"column":4409}},"23":{"start":{"line":138,"column":8},"end":{"line":138,"column":4561}},"24":{"start":{"line":141,"column":8},"end":{"line":141,"column":41}},"25":{"start":{"line":145,"column":8},"end":{"line":145,"column":4779}},"26":{"start":{"line":149,"column":8},"end":{"line":149,"column":4889}},"27":{"start":{"line":150,"column":10},"end":{"line":150,"column":48}},"28":{"start":{"line":151,"column":10},"end":{"line":151,"column":77}},"29":{"start":{"line":152,"column":10},"end":{"line":152,"column":76}},"30":{"start":{"line":155,"column":8},"end":{"line":155,"column":27}},"31":{"start":{"line":159,"column":8},"end":{"line":159,"column":31}},"32":{"start":{"line":169,"column":8},"end":{"line":169,"column":5504}},"33":{"start":{"line":179,"column":8},"end":{"line":179,"column":5702}},"34":{"start":{"line":183,"column":8},"end":{"line":183,"column":5809}},"35":{"start":{"line":192,"column":8},"end":{"line":192,"column":76}},"36":{"start":{"line":193,"column":8},"end":{"line":193,"column":6136}},"37":{"start":{"line":199,"column":8},"end":{"line":199,"column":22}},"38":{"start":{"line":206,"column":8},"end":{"line":206,"column":27}}},"branchMap":{"1":{"line":79,"type":"if","locations":[{"start":{"line":79,"column":8},"end":{"line":79,"column":8}},{"start":{"line":79,"column":8},"end":{"line":79,"column":8}}]},"2":{"line":84,"type":"if","locations":[{"start":{"line":84,"column":8},"end":{"line":84,"column":8}},{"start":{"line":84,"column":8},"end":{"line":84,"column":8}}]},"3":{"line":102,"type":"if","locations":[{"start":{"line":102,"column":8},"end":{"line":102,"column":8}},{"start":{"line":102,"column":8},"end":{"line":102,"column":8}}]},"4":{"line":105,"type":"if","locations":[{"start":{"line":105,"column":8},"end":{"line":105,"column":8}},{"start":{"line":105,"column":8},"end":{"line":105,"column":8}}]},"5":{"line":116,"type":"if","locations":[{"start":{"line":116,"column":8},"end":{"line":116,"column":8}},{"start":{"line":116,"column":8},"end":{"line":116,"column":8}}]},"6":{"line":124,"type":"if","locations":[{"start":{"line":124,"column":8},"end":{"line":124,"column":8}},{"start":{"line":124,"column":8},"end":{"line":124,"column":8}}]},"7":{"line":127,"type":"if","locations":[{"start":{"line":127,"column":13},"end":{"line":127,"column":13}},{"start":{"line":127,"column":13},"end":{"line":127,"column":13}}]},"8":{"line":135,"type":"if","locations":[{"start":{"line":135,"column":8},"end":{"line":135,"column":8}},{"start":{"line":135,"column":8},"end":{"line":135,"column":8}}]},"9":{"line":138,"type":"if","locations":[{"start":{"line":138,"column":8},"end":{"line":138,"column":8}},{"start":{"line":138,"column":8},"end":{"line":138,"column":8}}]},"10":{"line":145,"type":"if","locations":[{"start":{"line":145,"column":8},"end":{"line":145,"column":8}},{"start":{"line":145,"column":8},"end":{"line":145,"column":8}}]},"11":{"line":149,"type":"if","locations":[{"start":{"line":149,"column":8},"end":{"line":149,"column":8}},{"start":{"line":149,"column":8},"end":{"line":149,"column":8}}]},"12":{"line":152,"type":"if","locations":[{"start":{"line":152,"column":10},"end":{"line":152,"column":10}},{"start":{"line":152,"column":10},"end":{"line":152,"column":10}}]},"13":{"line":179,"type":"if","locations":[{"start":{"line":179,"column":8},"end":{"line":179,"column":8}},{"start":{"line":179,"column":8},"end":{"line":179,"column":8}}]},"14":{"line":193,"type":"if","locations":[{"start":{"line":193,"column":8},"end":{"line":193,"column":8}},{"start":{"line":193,"column":8},"end":{"line":193,"column":8}}]}}}}